  Menu.cpp
c:\users\befor\desktop\kassza\sze-progcpp-2018-kassza\consoleapplication1\consoleapplication1\menu.cpp(56): error C2065: 'i': undeclared identifier
c:\users\befor\desktop\kassza\sze-progcpp-2018-kassza\consoleapplication1\consoleapplication1\menu.cpp(57): error C2065: 'i': undeclared identifier
c:\users\befor\desktop\kassza\sze-progcpp-2018-kassza\consoleapplication1\consoleapplication1\menu.cpp(57): error C2228: left of '.KiirNev' must have class/struct/union
c:\users\befor\desktop\kassza\sze-progcpp-2018-kassza\consoleapplication1\consoleapplication1\menu.cpp(59): error C2065: 'i': undeclared identifier
c:\users\befor\desktop\kassza\sze-progcpp-2018-kassza\consoleapplication1\consoleapplication1\menu.cpp(59): error C2228: left of '.Kiir' must have class/struct/union
c:\users\befor\desktop\kassza\sze-progcpp-2018-kassza\consoleapplication1\consoleapplication1\menu.cpp(61): error C2065: 'i': undeclared identifier
c:\users\befor\desktop\kassza\sze-progcpp-2018-kassza\consoleapplication1\consoleapplication1\menu.cpp(61): error C2228: left of '.Kiir' must have class/struct/union
c:\users\befor\desktop\kassza\sze-progcpp-2018-kassza\consoleapplication1\consoleapplication1\menu.cpp(76): error C2784: 'std::_Vb_iterator<_Alvbase_wrapped> std::operator +(_Vb_iterator<_Alvbase_wrapped>::difference_type,std::_Vb_iterator<_Alvbase_wrapped>)': could not deduce template argument for 'std::_Vb_iterator<_Alvbase_wrapped>' from 'std::vector<SultKrumpli,std::allocator<_Ty>>'
          with
          [
              _Ty=SultKrumpli
          ]
  c:\program files (x86)\microsoft visual studio\2017\community\vc\tools\msvc\14.12.25827\include\vector(2558): note: see declaration of 'std::operator +'
c:\users\befor\desktop\kassza\sze-progcpp-2018-kassza\consoleapplication1\consoleapplication1\menu.cpp(76): error C2784: 'std::_Vb_const_iterator<_Alvbase_wrapped> std::operator +(_Vb_const_iterator<_Alvbase_wrapped>::difference_type,std::_Vb_const_iterator<_Alvbase_wrapped>)': could not deduce template argument for 'std::_Vb_const_iterator<_Alvbase_wrapped>' from 'std::vector<SultKrumpli,std::allocator<_Ty>>'
          with
          [
              _Ty=SultKrumpli
          ]
  c:\program files (x86)\microsoft visual studio\2017\community\vc\tools\msvc\14.12.25827\include\vector(2453): note: see declaration of 'std::operator +'
c:\users\befor\desktop\kassza\sze-progcpp-2018-kassza\consoleapplication1\consoleapplication1\menu.cpp(76): error C2784: 'std::_Vector_iterator<_Myvec> std::operator +(_Vector_iterator<_Myvec>::difference_type,std::_Vector_iterator<_Myvec>)': could not deduce template argument for 'std::_Vector_iterator<_Myvec>' from 'std::vector<SultKrumpli,std::allocator<_Ty>>'
          with
          [
              _Ty=SultKrumpli
          ]
  c:\program files (x86)\microsoft visual studio\2017\community\vc\tools\msvc\14.12.25827\include\vector(361): note: see declaration of 'std::operator +'
c:\users\befor\desktop\kassza\sze-progcpp-2018-kassza\consoleapplication1\consoleapplication1\menu.cpp(76): error C2784: 'std::_Vector_const_iterator<_Myvec> std::operator +(_Vector_const_iterator<_Myvec>::difference_type,std::_Vector_const_iterator<_Myvec>)': could not deduce template argument for 'std::_Vector_const_iterator<_Myvec>' from 'std::vector<SultKrumpli,std::allocator<_Ty>>'
          with
          [
              _Ty=SultKrumpli
          ]
  c:\program files (x86)\microsoft visual studio\2017\community\vc\tools\msvc\14.12.25827\include\vector(243): note: see declaration of 'std::operator +'
c:\users\befor\desktop\kassza\sze-progcpp-2018-kassza\consoleapplication1\consoleapplication1\menu.cpp(76): error C2784: 'std::basic_string<_Elem,_Traits,_Alloc> std::operator +(std::basic_string<_Elem,_Traits,_Alloc> &&,const _Elem)': could not deduce template argument for 'std::basic_string<_Elem,_Traits,_Alloc> &&' from 'int'
  c:\program files (x86)\microsoft visual studio\2017\community\vc\tools\msvc\14.12.25827\include\xstring(3866): note: see declaration of 'std::operator +'
c:\users\befor\desktop\kassza\sze-progcpp-2018-kassza\consoleapplication1\consoleapplication1\menu.cpp(76): error C2784: 'std::basic_string<_Elem,_Traits,_Alloc> std::operator +(std::basic_string<_Elem,_Traits,_Alloc> &&,const _Elem *const )': could not deduce template argument for 'std::basic_string<_Elem,_Traits,_Alloc> &&' from 'int'
  c:\program files (x86)\microsoft visual studio\2017\community\vc\tools\msvc\14.12.25827\include\xstring(3856): note: see declaration of 'std::operator +'
c:\users\befor\desktop\kassza\sze-progcpp-2018-kassza\consoleapplication1\consoleapplication1\menu.cpp(76): error C2784: 'std::basic_string<_Elem,_Traits,_Alloc> std::operator +(const _Elem,std::basic_string<_Elem,_Traits,_Alloc> &&)': could not deduce template argument for 'std::basic_string<_Elem,_Traits,_Alloc> &&' from 'std::vector<SultKrumpli,std::allocator<_Ty>>'
          with
          [
              _Ty=SultKrumpli
          ]
  c:\program files (x86)\microsoft visual studio\2017\community\vc\tools\msvc\14.12.25827\include\xstring(3845): note: see declaration of 'std::operator +'
c:\users\befor\desktop\kassza\sze-progcpp-2018-kassza\consoleapplication1\consoleapplication1\menu.cpp(76): error C2784: 'std::basic_string<_Elem,_Traits,_Alloc> std::operator +(const _Elem *const ,std::basic_string<_Elem,_Traits,_Alloc> &&)': could not deduce template argument for 'const _Elem *const ' from 'int'
  c:\program files (x86)\microsoft visual studio\2017\community\vc\tools\msvc\14.12.25827\include\xstring(3835): note: see declaration of 'std::operator +'
c:\users\befor\desktop\kassza\sze-progcpp-2018-kassza\consoleapplication1\consoleapplication1\menu.cpp(76): error C2784: 'std::basic_string<_Elem,_Traits,_Alloc> std::operator +(std::basic_string<_Elem,_Traits,_Alloc> &&,std::basic_string<_Elem,_Traits,_Alloc> &&)': could not deduce template argument for 'std::basic_string<_Elem,_Traits,_Alloc> &&' from 'int'
  c:\program files (x86)\microsoft visual studio\2017\community\vc\tools\msvc\14.12.25827\include\xstring(3821): note: see declaration of 'std::operator +'
c:\users\befor\desktop\kassza\sze-progcpp-2018-kassza\consoleapplication1\consoleapplication1\menu.cpp(76): error C2784: 'std::basic_string<_Elem,_Traits,_Alloc> std::operator +(std::basic_string<_Elem,_Traits,_Alloc> &&,const std::basic_string<_Elem,_Traits,_Alloc> &)': could not deduce template argument for 'std::basic_string<_Elem,_Traits,_Alloc> &&' from 'int'
  c:\program files (x86)\microsoft visual studio\2017\community\vc\tools\msvc\14.12.25827\include\xstring(3811): note: see declaration of 'std::operator +'
c:\users\befor\desktop\kassza\sze-progcpp-2018-kassza\consoleapplication1\consoleapplication1\menu.cpp(76): error C2784: 'std::basic_string<_Elem,_Traits,_Alloc> std::operator +(const std::basic_string<_Elem,_Traits,_Alloc> &,std::basic_string<_Elem,_Traits,_Alloc> &&)': could not deduce template argument for 'const std::basic_string<_Elem,_Traits,_Alloc> &' from 'int'
  c:\program files (x86)\microsoft visual studio\2017\community\vc\tools\msvc\14.12.25827\include\xstring(3801): note: see declaration of 'std::operator +'
c:\users\befor\desktop\kassza\sze-progcpp-2018-kassza\consoleapplication1\consoleapplication1\menu.cpp(76): error C2784: 'std::basic_string<_Elem,_Traits,_Alloc> std::operator +(const std::basic_string<_Elem,_Traits,_Alloc> &,const _Elem)': could not deduce template argument for 'const std::basic_string<_Elem,_Traits,_Alloc> &' from 'int'
  c:\program files (x86)\microsoft visual studio\2017\community\vc\tools\msvc\14.12.25827\include\xstring(3787): note: see declaration of 'std::operator +'
c:\users\befor\desktop\kassza\sze-progcpp-2018-kassza\consoleapplication1\consoleapplication1\menu.cpp(76): error C2784: 'std::basic_string<_Elem,_Traits,_Alloc> std::operator +(const std::basic_string<_Elem,_Traits,_Alloc> &,const _Elem *const )': could not deduce template argument for 'const std::basic_string<_Elem,_Traits,_Alloc> &' from 'int'
  c:\program files (x86)\microsoft visual studio\2017\community\vc\tools\msvc\14.12.25827\include\xstring(3771): note: see declaration of 'std::operator +'
c:\users\befor\desktop\kassza\sze-progcpp-2018-kassza\consoleapplication1\consoleapplication1\menu.cpp(76): error C2784: 'std::basic_string<_Elem,_Traits,_Alloc> std::operator +(const _Elem,const std::basic_string<_Elem,_Traits,_Alloc> &)': could not deduce template argument for 'const std::basic_string<_Elem,_Traits,_Alloc> &' from 'std::vector<SultKrumpli,std::allocator<_Ty>>'
          with
          [
              _Ty=SultKrumpli
          ]
  c:\program files (x86)\microsoft visual studio\2017\community\vc\tools\msvc\14.12.25827\include\xstring(3757): note: see declaration of 'std::operator +'
c:\users\befor\desktop\kassza\sze-progcpp-2018-kassza\consoleapplication1\consoleapplication1\menu.cpp(76): error C2784: 'std::basic_string<_Elem,_Traits,_Alloc> std::operator +(const _Elem *const ,const std::basic_string<_Elem,_Traits,_Alloc> &)': could not deduce template argument for 'const _Elem *const ' from 'int'
  c:\program files (x86)\microsoft visual studio\2017\community\vc\tools\msvc\14.12.25827\include\xstring(3741): note: see declaration of 'std::operator +'
c:\users\befor\desktop\kassza\sze-progcpp-2018-kassza\consoleapplication1\consoleapplication1\menu.cpp(76): error C2784: 'std::basic_string<_Elem,_Traits,_Alloc> std::operator +(const std::basic_string<_Elem,_Traits,_Alloc> &,const std::basic_string<_Elem,_Traits,_Alloc> &)': could not deduce template argument for 'const std::basic_string<_Elem,_Traits,_Alloc> &' from 'int'
  c:\program files (x86)\microsoft visual studio\2017\community\vc\tools\msvc\14.12.25827\include\xstring(3727): note: see declaration of 'std::operator +'
c:\users\befor\desktop\kassza\sze-progcpp-2018-kassza\consoleapplication1\consoleapplication1\menu.cpp(76): error C2784: 'std::_String_iterator<_Mystr> std::operator +(_String_iterator<_Mystr>::difference_type,std::_String_iterator<_Mystr>)': could not deduce template argument for 'std::_String_iterator<_Mystr>' from 'std::vector<SultKrumpli,std::allocator<_Ty>>'
          with
          [
              _Ty=SultKrumpli
          ]
  c:\program files (x86)\microsoft visual studio\2017\community\vc\tools\msvc\14.12.25827\include\xstring(1490): note: see declaration of 'std::operator +'
c:\users\befor\desktop\kassza\sze-progcpp-2018-kassza\consoleapplication1\consoleapplication1\menu.cpp(76): error C2784: 'std::_String_const_iterator<_Mystr> std::operator +(_String_const_iterator<_Mystr>::difference_type,std::_String_const_iterator<_Mystr>)': could not deduce template argument for 'std::_String_const_iterator<_Mystr>' from 'std::vector<SultKrumpli,std::allocator<_Ty>>'
          with
          [
              _Ty=SultKrumpli
          ]
  c:\program files (x86)\microsoft visual studio\2017\community\vc\tools\msvc\14.12.25827\include\xstring(1372): note: see declaration of 'std::operator +'
c:\users\befor\desktop\kassza\sze-progcpp-2018-kassza\consoleapplication1\consoleapplication1\menu.cpp(76): error C2784: 'std::move_iterator<_RanIt> std::operator +(move_iterator<_RanIt>::difference_type,const std::move_iterator<_RanIt> &)': could not deduce template argument for 'const std::move_iterator<_RanIt> &' from 'std::vector<SultKrumpli,std::allocator<_Ty>>'
          with
          [
              _Ty=SultKrumpli
          ]
  c:\program files (x86)\microsoft visual studio\2017\community\vc\tools\msvc\14.12.25827\include\xutility(2269): note: see declaration of 'std::operator +'
c:\users\befor\desktop\kassza\sze-progcpp-2018-kassza\consoleapplication1\consoleapplication1\menu.cpp(76): error C2784: 'std::_Array_iterator<_Ty,_Size> std::operator +(ptrdiff_t,std::_Array_iterator<_Ty,_Size>)': could not deduce template argument for 'std::_Array_iterator<_Ty,_Size>' from 'std::vector<SultKrumpli,std::allocator<_Ty>>'
          with
          [
              _Ty=SultKrumpli
          ]
  c:\program files (x86)\microsoft visual studio\2017\community\vc\tools\msvc\14.12.25827\include\xutility(2120): note: see declaration of 'std::operator +'
c:\users\befor\desktop\kassza\sze-progcpp-2018-kassza\consoleapplication1\consoleapplication1\menu.cpp(76): error C2784: 'std::_Array_const_iterator<_Ty,_Size> std::operator +(ptrdiff_t,std::_Array_const_iterator<_Ty,_Size>)': could not deduce template argument for 'std::_Array_const_iterator<_Ty,_Size>' from 'std::vector<SultKrumpli,std::allocator<_Ty>>'
          with
          [
              _Ty=SultKrumpli
          ]
  c:\program files (x86)\microsoft visual studio\2017\community\vc\tools\msvc\14.12.25827\include\xutility(1990): note: see declaration of 'std::operator +'
c:\users\befor\desktop\kassza\sze-progcpp-2018-kassza\consoleapplication1\consoleapplication1\menu.cpp(76): error C2784: 'std::reverse_iterator<_RanIt> std::operator +(reverse_iterator<_RanIt>::difference_type,const std::reverse_iterator<_RanIt> &)': could not deduce template argument for 'const std::reverse_iterator<_RanIt> &' from 'std::vector<SultKrumpli,std::allocator<_Ty>>'
          with
          [
              _Ty=SultKrumpli
          ]
  c:\program files (x86)\microsoft visual studio\2017\community\vc\tools\msvc\14.12.25827\include\xutility(1404): note: see declaration of 'std::operator +'
c:\users\befor\desktop\kassza\sze-progcpp-2018-kassza\consoleapplication1\consoleapplication1\menu.cpp(75): error C2677: binary '+': no global operator found which takes type 'std::vector<SultKrumpli,std::allocator<_Ty>>' (or there is no acceptable conversion)
          with
          [
              _Ty=SultKrumpli
          ]
c:\users\befor\desktop\kassza\sze-progcpp-2018-kassza\consoleapplication1\consoleapplication1\menu.cpp(76): error C2146: syntax error: missing ';' before identifier 'ar'
c:\users\befor\desktop\kassza\sze-progcpp-2018-kassza\consoleapplication1\consoleapplication1\menu.cpp(76): error C2039: 'getAr': is not a member of 'std::vector<Udito,std::allocator<_Ty>>'
          with
          [
              _Ty=Udito
          ]
  c:\users\befor\desktop\kassza\sze-progcpp-2018-kassza\consoleapplication1\consoleapplication1\menu.h(20): note: see declaration of 'std::vector<Udito,std::allocator<_Ty>>'
          with
          [
              _Ty=Udito
          ]
c:\users\befor\desktop\kassza\sze-progcpp-2018-kassza\consoleapplication1\consoleapplication1\menu.cpp(77): warning C4244: '=': conversion from 'double' to 'int', possible loss of data
c:\users\befor\desktop\kassza\sze-progcpp-2018-kassza\consoleapplication1\consoleapplication1\menu.cpp(80): error C2601: 'Menu::Kiir': local function definitions are illegal
  c:\users\befor\desktop\kassza\sze-progcpp-2018-kassza\consoleapplication1\consoleapplication1\menu.cpp(53): note: this line contains a '{' which has not yet been matched
c:\users\befor\desktop\kassza\sze-progcpp-2018-kassza\consoleapplication1\consoleapplication1\menu.cpp(118): error C2064: term does not evaluate to a function taking 1 arguments
c:\users\befor\desktop\kassza\sze-progcpp-2018-kassza\consoleapplication1\consoleapplication1\menu.cpp(53): fatal error C1075: the left brace '{' was unmatched at the end of the file
